<?xml version="1.0" encoding="UTF-8"?>
<testsuite name="com.book.ng.domain.text.TxtCharsetDetectorTest" tests="9" skipped="0" failures="0" errors="0" timestamp="2026-09-13T07:31:37.176Z" hostname="all-in-one-69-8btqs" time="0.014">
  <properties/>
  <testcase name="decodeReplacesInvalidBytesInsteadOfThrowing" classname="com.book.ng.domain.text.TxtCharsetDetectorTest" time="0.003"/>
  <testcase name="undecodableBytesFallBackToUtf8" classname="com.book.ng.domain.text.TxtCharsetDetectorTest" time="0.002"/>
  <testcase name="utf8WithBomDetected" classname="com.book.ng.domain.text.TxtCharsetDetectorTest" time="0.0"/>
  <testcase name="gbkChineseSampleDetected" classname="com.book.ng.domain.text.TxtCharsetDetectorTest" time="0.004"/>
  <testcase name="emptyBytesDetectedAsUtf8" classname="com.book.ng.domain.text.TxtCharsetDetectorTest" time="0.0"/>
  <testcase name="pureAsciiDetectedAsUtf8" classname="com.book.ng.domain.text.TxtCharsetDetectorTest" time="0.0"/>
  <testcase name="utf16BeWithBomDetected" classname="com.book.ng.domain.text.TxtCharsetDetectorTest" time="0.002"/>
  <testcase name="utf8WithoutBomDetected" classname="com.book.ng.domain.text.TxtCharsetDetectorTest" time="0.0"/>
  <testcase name="utf16LeWithBomDetected" classname="com.book.ng.domain.text.TxtCharsetDetectorTest" time="0.0"/>
  <system-out><![CDATA[]]></system-out>
  <system-err><![CDATA[]]></system-err>
</testsuite>
