<?xml version="1.0" encoding="UTF-8"?>
<testsuite name="com.book.ng.data.importer.FormatSnifferTest" tests="8" skipped="0" failures="0" errors="0" timestamp="2026-09-13T07:31:37.103Z" hostname="all-in-one-69-8btqs" time="0.065">
  <properties/>
  <testcase name="txtDetectedByExtensionWhenNoMagicMatches" classname="com.book.ng.data.importer.FormatSnifferTest" time="0.036"/>
  <testcase name="emptyFileIsUnknown" classname="com.book.ng.data.importer.FormatSnifferTest" time="0.002"/>
  <testcase name="pdfDetectedByHeaderMagic" classname="com.book.ng.data.importer.FormatSnifferTest" time="0.004"/>
  <testcase name="cbzDetectedByImageEntries" classname="com.book.ng.data.importer.FormatSnifferTest" time="0.007"/>
  <testcase name="unknownWhenNeitherMagicNorExtensionMatches" classname="com.book.ng.data.importer.FormatSnifferTest" time="0.002"/>
  <testcase name="plainArchiveDetectedAsZip" classname="com.book.ng.data.importer.FormatSnifferTest" time="0.004"/>
  <testcase name="epubDetectedByContainerXmlEvenWithImages" classname="com.book.ng.data.importer.FormatSnifferTest" time="0.002"/>
  <testcase name="mobiDetectedByMagicAtOffset60" classname="com.book.ng.data.importer.FormatSnifferTest" time="0.001"/>
  <system-out><![CDATA[]]></system-out>
  <system-err><![CDATA[]]></system-err>
</testsuite>
